<?xml version="1.0" encoding="UTF-8"?>
<!-- Generated by org.testng.reporters.JUnitReportReporter -->
<testsuite hostname="LAPTOP-AOPQP9U5" failures="0" tests="1" name="seleniumWithTestNG.BasicCommands" time="11.690" errors="0" timestamp="2023-08-01T09:45:12 IST" skipped="0">
  <testcase classname="seleniumWithTestNG.BasicCommands" name="tc002_VerifyLocators" time="11.690"/>
</testsuite> <!-- seleniumWithTestNG.BasicCommands -->
