<?xml version="1.0" encoding="UTF-8"?>
<!-- Generated by org.testng.reporters.JUnitReportReporter -->
<testsuite hostname="LAPTOP-AOPQP9U5" failures="0" tests="2" name="seleniumTestNG.MyDataProvider" time="18.513" errors="0" timestamp="2023-09-01T08:42:20 IST" skipped="0">
  <testcase classname="seleniumTestNG.MyDataProvider" name="f" time="10.282"/>
  <testcase classname="seleniumTestNG.MyDataProvider" name="f" time="8.231"/>
</testsuite> <!-- seleniumTestNG.MyDataProvider -->
