<?xml version="1.0" encoding="UTF-8"?>
<!-- Generated by org.testng.reporters.JUnitReportReporter -->
<testsuite hostname="LAPTOP-AOPQP9U5" failures="0" tests="2" name="seleniumTestNG.BrowserParamCross" time="28.848" errors="0" timestamp="2023-09-21T08:10:08 IST" skipped="0">
  <testcase classname="seleniumTestNG.BrowserParamCross" name="f" time="27.491"/>
  <testcase classname="seleniumTestNG.BrowserParamCross" name="f" time="1.357"/>
</testsuite> <!-- seleniumTestNG.BrowserParamCross -->
