<?xml version="1.0" encoding="UTF-8"?>
<!-- Generated by org.testng.reporters.JUnitReportReporter -->
<testsuite hostname="LAPTOP-AOPQP9U5" failures="0" tests="1" name="seleniumTestNG.MercuryTestNG" time="2.543" errors="0" timestamp="2023-08-31T08:20:58 IST" skipped="0">
  <testcase classname="seleniumTestNG.MercuryTestNG" name="f" time="2.543"/>
</testsuite> <!-- seleniumTestNG.MercuryTestNG -->
