<?xml version="1.0" encoding="UTF-8"?>
<!-- Generated by org.testng.reporters.JUnitReportReporter -->
<testsuite hostname="LAPTOP-AOPQP9U5" failures="0" tests="1" name="seleniumTestNG.WebTable" time="0.823" errors="0" timestamp="2023-09-09T08:16:39 IST" skipped="0">
  <testcase classname="seleniumTestNG.WebTable" name="tableGetData" time="0.823"/>
</testsuite> <!-- seleniumTestNG.WebTable -->
