<?xml version="1.0" encoding="UTF-8"?>
<!-- Generated by org.testng.reporters.JUnitReportReporter -->
<testsuite hostname="LAPTOP-AOPQP9U5" failures="0" tests="2" name="seleniumTestNG.BrowserNameParam" time="0.020" errors="0" timestamp="2023-08-31T08:45:49 IST" skipped="0">
  <testcase classname="seleniumTestNG.BrowserNameParam" name="f" time="0.000"/>
  <testcase classname="seleniumTestNG.BrowserNameParam" name="f" time="0.020"/>
</testsuite> <!-- seleniumTestNG.BrowserNameParam -->
