<?xml version="1.0" encoding="UTF-8"?>
<!-- Generated by org.testng.reporters.JUnitReportReporter -->
<testsuite hostname="LAPTOP-AOPQP9U5" failures="0" tests="2" name="seleniumTestNG.AnnotationEx" time="0.008" errors="0" timestamp="2023-08-24T08:07:00 IST" skipped="0">
  <testcase classname="seleniumTestNG.AnnotationEx" name="firstTest" time="0.007"/>
  <testcase classname="seleniumTestNG.AnnotationEx" name="secondTest" time="0.001"/>
</testsuite> <!-- seleniumTestNG.AnnotationEx -->
