<?xml version="1.0" encoding="UTF-8"?>
<!-- Generated by org.testng.reporters.JUnitReportReporter -->
<testsuite hostname="LAPTOP-AOPQP9U5" failures="0" tests="1" name="seleniumTestNG.BillingLogin" time="2.651" errors="0" timestamp="2023-08-31T07:48:38 IST" skipped="0">
  <testcase classname="seleniumTestNG.BillingLogin" name="f" time="2.651"/>
</testsuite> <!-- seleniumTestNG.BillingLogin -->
