<?xml version="1.0" encoding="UTF-8"?>
<!-- Generated by org.testng.reporters.JUnitReportReporter -->
<testsuite hostname="LAPTOP-AOPQP9U5" failures="0" tests="2" name="seleniumTestNG.AnnotationFlow" time="0.032" errors="0" timestamp="2023-08-24T09:09:09 IST" skipped="0">
  <testcase classname="seleniumTestNG.AnnotationFlow" name="secondTest" time="0.003"/>
  <testcase classname="seleniumTestNG.AnnotationFlow" name="firstTest" time="0.029"/>
</testsuite> <!-- seleniumTestNG.AnnotationFlow -->
