<?xml version="1.0" encoding="UTF-8"?>
<!-- Generated by org.testng.reporters.JUnitReportReporter -->
<testsuite hostname="LAPTOP-AOPQP9U5" failures="0" tests="4" name="seleniumTestNG.TestcaseGrouping" time="0.012" errors="0" timestamp="2023-09-01T08:57:30 IST" skipped="0">
  <testcase classname="seleniumTestNG.TestcaseGrouping" name="register" time="0.007"/>
  <testcase classname="seleniumTestNG.TestcaseGrouping" name="login" time="0.002"/>
  <testcase classname="seleniumTestNG.TestcaseGrouping" name="add" time="0.002"/>
  <testcase classname="seleniumTestNG.TestcaseGrouping" name="delete" time="0.001"/>
</testsuite> <!-- seleniumTestNG.TestcaseGrouping -->
