<?xml version="1.0" encoding="UTF-8"?>
<!-- Generated by org.testng.reporters.JUnitReportReporter -->
<testsuite hostname="LAPTOP-AOPQP9U5" failures="0" tests="1" name="seleniumTestNG.SigninDemo" time="1.252" errors="0" timestamp="2023-09-04T08:52:38 IST" skipped="0">
  <testcase classname="seleniumTestNG.SigninDemo" name="f" time="1.252"/>
</testsuite> <!-- seleniumTestNG.SigninDemo -->
