<?xml version="1.0" encoding="UTF-8"?>
<!-- Generated by org.testng.reporters.JUnitReportReporter -->
<testsuite hostname="LAPTOP-AOPQP9U5" failures="0" tests="1" name="seleniumTestNG.XpathAxesMethod" time="0.628" errors="0" timestamp="2023-09-06T08:36:47 IST" skipped="0">
  <testcase classname="seleniumTestNG.XpathAxesMethod" name="f" time="0.628"/>
</testsuite> <!-- seleniumTestNG.XpathAxesMethod -->
