<?xml version="1.0" encoding="UTF-8"?>
<!-- Generated by org.testng.reporters.JUnitReportReporter -->
<testsuite hostname="LAPTOP-AOPQP9U5" failures="0" tests="1" name="seleniumTestNG.SampleTestNG" time="0.005" errors="0" timestamp="2023-08-22T08:24:55 IST" skipped="0">
  <testcase classname="seleniumTestNG.SampleTestNG" name="f" time="0.005"/>
</testsuite> <!-- seleniumTestNG.SampleTestNG -->
