<?xml version="1.0" encoding="UTF-8"?>
<!-- Generated by org.testng.reporters.JUnitReportReporter -->
<testsuite hostname="LAPTOP-AOPQP9U5" failures="0" tests="1" name="seleniumTestNG.MultiWindowHandle" time="3.129" errors="0" timestamp="2023-08-31T07:52:23 IST" skipped="0">
  <testcase classname="seleniumTestNG.MultiWindowHandle" name="f" time="3.129"/>
</testsuite> <!-- seleniumTestNG.MultiWindowHandle -->
