<?xml version="1.0" encoding="UTF-8"?>
<!-- Generated by org.testng.reporters.JUnitReportReporter -->
<testsuite hostname="LAPTOP-AOPQP9U5" failures="0" tests="1" name="seleniumTestNG.MercuryRegistration" time="2.387" errors="0" timestamp="2023-09-04T08:35:31 IST" skipped="0">
  <testcase classname="seleniumTestNG.MercuryRegistration" name="f" time="2.387"/>
</testsuite> <!-- seleniumTestNG.MercuryRegistration -->
